<?xml version="1.0" encoding="UTF-8"?>
<!-- Generated by org.testng.reporters.JUnitReportReporter -->
<testsuite hostname="LAPTOP-EGPSQIKQ" failures="0" tests="3" name="Testng.Testng1" time="0.018" errors="0" timestamp="2022-10-10T11:41:20 IST" skipped="0">
  <testcase classname="Testng.Testng1" name="setup" time="0.014"/>
  <system-out/>
  <testcase classname="Testng.Testng1" name="login" time="0.002"/>
  <system-out/>
  <testcase classname="Testng.Testng1" name="teardown" time="0.002"/>
  <system-out/>
</testsuite> <!-- Testng.Testng1 -->
