<?xml version="1.0" encoding="UTF-8"?>
<!-- Generated by org.testng.reporters.JUnitReportReporter -->
<testsuite hostname="LAPTOP-EGPSQIKQ" failures="0" tests="1" name="Testng.FirstTest" time="4.900" errors="0" timestamp="2022-10-10T15:42:32 IST" skipped="0">
  <testcase classname="Testng.FirstTest" name="googletest" time="4.900"/>
  <system-out/>
</testsuite> <!-- Testng.FirstTest -->
