<?xml version="1.0" encoding="UTF-8"?>
<!-- Generated by org.testng.reporters.JUnitReportReporter -->
<testsuite hostname="LAPTOP-EGPSQIKQ" failures="0" tests="2" name="Testng.SecondTest" time="9.546" errors="0" timestamp="2022-10-10T11:45:37 IST" skipped="0">
  <testcase classname="Testng.SecondTest" name="orangesetup" time="4.814"/>
  <system-out/>
  <testcase classname="Testng.SecondTest" name="details" time="4.732"/>
  <system-out/>
</testsuite> <!-- Testng.SecondTest -->
